2-dataset

fewshot 0 pthres 0.05
Mean Accuracy: 0.18667959491488903, Std Accuracy: 0.13666963577270508
Mean F1 Score: 0.16795056336852002, Std F1 Score: 0.14666791260242462
Mean prec Score: 0.48286889869069805, Std prec Score: 0.4329652488231659
Mean rec Score: 0.18667959491488903, Std rec Score: 0.13666963577270508
Mean AUC Score: 0.38095238095238093, Std rec Score: 0.18157202005386353

fewshot 0 pthres 0.005
Mean Accuracy: 0.16939021762551174, Std Accuracy: 0.11442231386899948
Mean F1 Score: 0.06190716232511898, Std F1 Score: 0.06507252156734467
Mean prec Score: 0.03916701754376191, Std prec Score: 0.0428367480635643
Mean rec Score: 0.16939021762551174, Std rec Score: 0.11442231386899948
Mean AUC Score: 0.3678571428571429, Std rec Score: 0.19289755821228027

fewshot 0 pthres 0.05 cond 1
Mean Accuracy: 0.8133204050851109, Std Accuracy: 0.13666962087154388
Mean F1 Score: 0.7968617558911676, Std F1 Score: 0.15697363018989563
Mean prec Score: 0.796524360875572, Std prec Score: 0.19004616141319275
Mean rec Score: 0.8133204050851109, Std rec Score: 0.13666962087154388
Mean AUC Score: 0.619047619047619, Std rec Score: 0.18157202005386353

fewshot 0.01 argsort auc + f1
Mean Accuracy: 0.4801853048911872, Std Accuracy: 0.19957982003688812
Mean F1 Score: 0.5203371888128921, Std F1 Score: 0.2569454610347748
Mean prec Score: 0.6491352065301644, Std prec Score: 0.3419339060783386
Mean rec Score: 0.4801853048911872, Std rec Score: 0.19957982003688812
Mean AUC Score: 0.4048809523809524, Std rec Score: 0.4103691577911377

fewshot 0.1 argsort auc + f1
Mean Accuracy: 0.38775694893341955, Std Accuracy: 0.21341471374034882
Mean F1 Score: 0.43182817182817185, Std F1 Score: 0.23767249286174774
Mean prec Score: 0.5950232400652569, Std prec Score: 0.2957782745361328
Mean rec Score: 0.38775694893341955, Std rec Score: 0.21341471374034882
Mean AUC Score: 0.24583333333333335, Std rec Score: 0.29465967416763306

fewshot 0.5 argsort auc + f1
Mean Accuracy: 0.6527946563240681, Std Accuracy: 0.272573322057724
Mean F1 Score: 0.6199219058861003, Std F1 Score: 0.314130038022995
Mean prec Score: 0.6067009209995635, Std prec Score: 0.3359037935733795
Mean rec Score: 0.652794656324068, Std rec Score: 0.272573322057724
Mean AUC Score: 0.4470238095238095, Std rec Score: 0.32656118273735046

fewshot 1 argsort auc + f1
Mean Accuracy: 0.7404137039431158, Std Accuracy: 0.15490958094596863
Mean F1 Score: 0.7322883478177594, Std F1 Score: 0.1620800495147705
Mean prec Score: 0.7260202128188553, Std prec Score: 0.1725776493549347
Mean rec Score: 0.7404137039431158, Std rec Score: 0.15490958094596863
Mean AUC Score: 0.31261904761904763, Std rec Score: 0.3306627571582794

##################


Fewshot 0.01

1.1 step lexsort
Mean Accuracy: 0.8188450764921352, Std Accuracy: 0.11073684692382812
Mean F1 Score: 0.7511951803567324, Std F1 Score: 0.15624195337295532
Mean prec Score: 0.6990890044380671, Std prec Score: 0.18555013835430145
Mean rec Score: 0.8188450764921354, Std rec Score: 0.11073684692382812
Mean AUC Score: 0.47190476190476194, Std rec Score: 0.4061754047870636

1.1 step argsort f1
Mean Accuracy: 0.7471579400991166, Std Accuracy: 0.17653805017471313
Mean F1 Score: 0.7348457165719433, Std F1 Score: 0.1577182114124298
Mean prec Score: 0.7597489765136825, Std prec Score: 0.15447300672531128
Mean rec Score: 0.7471579400991165, Std rec Score: 0.17653805017471313
Mean AUC Score: 0.5889285714285715, Std rec Score: 0.3343605399131775

1.1 step lexsort auc acc 
Mean Accuracy: 0.24972635207929325, Std Accuracy: 0.20208951830863953
Mean F1 Score: 0.21689519630696102, Std F1 Score: 0.23187293112277985
Mean prec Score: 0.4427936093569578, Std prec Score: 0.4268130958080292
Mean rec Score: 0.24972635207929325, Std rec Score: 0.20208951830863953
Mean AUC Score: 0.6445238095238095, Std rec Score: 0.27393579483032227

1.1 step lexsort auc f1 acc 
Mean Accuracy: 0.24972635207929325, Std Accuracy: 0.20208951830863953
Mean F1 Score: 0.21689519630696102, Std F1 Score: 0.23187293112277985
Mean prec Score: 0.4427936093569578, Std prec Score: 0.4268130958080292
Mean rec Score: 0.24972635207929325, Std rec Score: 0.20208951830863953
Mean AUC Score: 0.6445238095238095, Std rec Score: 0.27393579483032227

Fewshot 0.1

1.1 step lexsort
Mean Accuracy: 0.7845593622064211, Std Accuracy: 0.15570898354053497
Mean F1 Score: 0.7336546858980795, Std F1 Score: 0.17983146011829376
Mean prec Score: 0.6912826203459688, Std prec Score: 0.19614379107952118
Mean rec Score: 0.784559362206421, Std rec Score: 0.15570898354053497
Mean AUC Score: 0.4482142857142857, Std rec Score: 0.34320366382598877

1.1 step argsort f1
Mean Accuracy: 0.7482568411980177, Std Accuracy: 0.1906554400920868
Mean F1 Score: 0.7203804625277418, Std F1 Score: 0.16487903892993927
Mean prec Score: 0.7353768529107896, Std prec Score: 0.15648753941059113
Mean rec Score: 0.7482568411980177, Std rec Score: 0.1906554400920868
Mean AUC Score: 0.4427380952380952, Std rec Score: 0.21510936319828033

1.1 step argsort acc
Mean Accuracy: 0.7082568411980177, Std Accuracy: 0.2217547744512558
Mean F1 Score: 0.7081166479109859, Std F1 Score: 0.17985916137695312
Mean prec Score: 0.7623768529107895, Std prec Score: 0.10756587237119675
Mean rec Score: 0.7082568411980177, Std rec Score: 0.2217547744512558
Mean AUC Score: 0.5094047619047619, Std rec Score: 0.1626364290714264

1.1 step argsort acc
Mean Accuracy: 0.7395949148890326, Std Accuracy: 0.14773285388946533
Mean F1 Score: 0.7073063380162772, Std F1 Score: 0.165413960814476
Mean prec Score: 0.6860123536594125, Std prec Score: 0.19106578826904297
Mean rec Score: 0.7395949148890326, Std rec Score: 0.14773285388946533
Mean AUC Score: 0.48345238095238097, Std rec Score: 0.19513843953609467

1.1 step lexsort auc acc 
Mean Accuracy: 0.6608618832148243, Std Accuracy: 0.3111118972301483
Mean F1 Score: 0.6219648175701031, Std F1 Score: 0.3350425660610199
Mean prec Score: 0.7582908855850032, Std prec Score: 0.2527583837509155
Mean rec Score: 0.6608618832148243, Std rec Score: 0.3111118972301483
Mean AUC Score: 0.6789285714285714, Std rec Score: 0.31676891446113586


1.1 step lexsort auc f1 acc 
Mean Accuracy: 0.6608618832148243, Std Accuracy: 0.3111118972301483
Mean F1 Score: 0.6219648175701031, Std F1 Score: 0.3350425660610199
Mean prec Score: 0.7582908855850032, Std prec Score: 0.2527583837509155
Mean rec Score: 0.6608618832148243, Std rec Score: 0.3111118972301483
Mean AUC Score: 0.6789285714285714, Std rec Score: 0.31676891446113586


Fewshot 0.3

1.1 step lexsort
Mean Accuracy: 0.804559362206421, Std Accuracy: 0.13045045733451843
Mean F1 Score: 0.7439488035451381, Std F1 Score: 0.16582944989204407
Mean prec Score: 0.6959492870126354, Std prec Score: 0.18963320553302765
Mean rec Score: 0.8045593622064212, Std rec Score: 0.13045045733451843
Mean AUC Score: 0.6196428571428572, Std rec Score: 0.2841019630432129


Fewshot 0.5

1.1 step argsort acc
Mean Accuracy: 0.8331307907778497, Std Accuracy: 0.09771794080734253
Mean F1 Score: 0.7888425764389111, Std F1 Score: 0.1429794281721115
Mean prec Score: 0.785974646268764, Std prec Score: 0.17908459901809692
Mean rec Score: 0.8331307907778497, Std rec Score: 0.09771794080734253
Mean AUC Score: 0.6580952380952381, Std rec Score: 0.3453564941883087

1.1 step lexsort
Mean Accuracy: 0.7629907347554405, Std Accuracy: 0.1299549639225006
Mean F1 Score: 0.7379593799733118, Std F1 Score: 0.1257459670305252
Mean prec Score: 0.7277887674092092, Std prec Score: 0.15206198394298553
Mean rec Score: 0.7629907347554407, Std rec Score: 0.1299549639225006
Mean AUC Score: 0.5451190476190476, Std rec Score: 0.281432569026947


1.1 step lexsort acc f1
Mean Accuracy: 0.7629907347554405, Std Accuracy: 0.1299549639225006
Mean F1 Score: 0.7475736497614948, Std F1 Score: 0.14084096252918243
Mean prec Score: 0.7496822585334696, Std prec Score: 0.1797829270362854
Mean rec Score: 0.7629907347554407, Std rec Score: 0.1299549639225006
Mean AUC Score: 0.48916666666666664, Std rec Score: 0.34903454780578613

1.1 step lexsort auc acc 
Mean Accuracy: 0.804559362206421, Std Accuracy: 0.13045045733451843
Mean F1 Score: 0.7808339046400292, Std F1 Score: 0.16445690393447876
Mean prec Score: 0.772021044315162, Std prec Score: 0.20234890282154083
Mean rec Score: 0.8045593622064212, Std rec Score: 0.13045045733451843
Mean AUC Score: 0.7801190476190476, Std rec Score: 0.18090811371803284

Fewshot 1.0

1.1 step argsort acc
Mean Accuracy: 0.8387545787545788, Std Accuracy: 0.1320466846227646
Mean F1 Score: 0.8076119147924421, Std F1 Score: 0.1653662621974945
Mean prec Score: 0.7843101343101344, Std prec Score: 0.193263441324234
Mean rec Score: 0.8387545787545788, Std rec Score: 0.1320466846227646
Mean AUC Score: 0.8676190476190475, Std rec Score: 0.1793660819530487

1.1 step lexsort auc acc 
Mean Accuracy: 0.8541391941391941, Std Accuracy: 0.1374930739402771
Mean F1 Score: 0.8336382748317958, Std F1 Score: 0.18040241301059723
Mean prec Score: 0.8264981684981685, Std prec Score: 0.22011849284172058
Mean rec Score: 0.8541391941391941, Std rec Score: 0.1374930739402771
Mean AUC Score: 0.8414285714285714, Std rec Score: 0.19206811487674713

1.1 step lexsort auc f1 acc 
