2-dataset

fewshot 0 0.05 cond 0
Mean Accuracy: 0.8105263157894737, Std Accuracy: 0.047075118869543076
Mean F1 Score: 0.7746038721091153, Std F1 Score: 0.06912815570831299
Mean prec Score: 0.7461990567233358, Std prec Score: 0.10154679417610168
Mean rec Score: 0.8105263157894737, Std rec Score: 0.047075118869543076
Mean AUC Score: 0.5214705882352941, Std rec Score: 0.2534826695919037

fewshot 0 1e-4 cond 0
Mean Accuracy: 0.8526315789473685, Std Accuracy: 0.06862317770719528
Mean F1 Score: 0.7859813550835223, Std F1 Score: 0.09767473489046097
Mean prec Score: 0.7307479224376732, Std prec Score: 0.11858738213777542
Mean rec Score: 0.8526315789473683, Std rec Score: 0.06862317770719528
Mean AUC Score: 0.5214705882352941, Std rec Score: 0.2534826695919037

fewshot 0 pthres 0.005
Mean Accuracy: 0.8105263157894737, Std Accuracy: 0.047075118869543076
Mean F1 Score: 0.7746038721091153, Std F1 Score: 0.06912815570831299
Mean prec Score: 0.7461990567233358, Std prec Score: 0.10154679417610168
Mean rec Score: 0.8105263157894737, Std rec Score: 0.047075118869543076
Mean AUC Score: 0.5214705882352941, Std rec Score: 0.2534826695919037

fewshot 0 pthres 0.05 cond 1
ean Accuracy: 0.1894736842105263, Std Accuracy: 0.047075122594833374
Mean F1 Score: 0.13413494209832882, Std F1 Score: 0.08192510902881622
Mean prec Score: 0.49838773921387575, Std prec Score: 0.44881924986839294
Mean rec Score: 0.1894736842105263, Std rec Score: 0.047075122594833374
Mean AUC Score: 0.47852941176470587, Std rec Score: 0.2534826695919037

fewshot 0.01 argsort auc + f1
Mean Accuracy: 0.5052631578947369, Std Accuracy: 0.29445475339889526
Mean F1 Score: 0.5031848395692788, Std F1 Score: 0.34959855675697327
Mean prec Score: 0.6250129710240514, Std prec Score: 0.35671597719192505
Mean rec Score: 0.5052631578947369, Std rec Score: 0.29445475339889526
Mean AUC Score: 0.576078431372549, Std rec Score: 0.20657022297382355


fewshot 0.1 argsort auc + f1
Mean Accuracy: 0.8, Std Accuracy: 0.1141025573015213
Mean F1 Score: 0.7884400080410268, Std F1 Score: 0.09751477837562561
Mean prec Score: 0.782280882805569, Std prec Score: 0.08064380288124084
Mean rec Score: 0.8, Std rec Score: 0.1141025573015213
Mean AUC Score: 0.44728758169934635, Std rec Score: 0.25254833698272705

fewshot 0.5 argsort auc + f1
Mean Accuracy: 0.8315789473684211, Std Accuracy: 0.06862317770719528
Mean F1 Score: 0.7752063784261927, Std F1 Score: 0.09579797089099884
Mean prec Score: 0.7282240689442905, Std prec Score: 0.11820603907108307
Mean rec Score: 0.8315789473684211, Std rec Score: 0.06862317770719528
Mean AUC Score: 0.5675653594771243, Std rec Score: 0.16827641427516937

fewshot 1 argsort auc + f1
Mean Accuracy: 0.7473684210526315, Std Accuracy: 0.07806526124477386
Mean F1 Score: 0.7280552424705027, Std F1 Score: 0.07747285068035126
Mean prec Score: 0.7181040320098492, Std prec Score: 0.11763410270214081
Mean rec Score: 0.7473684210526316, Std rec Score: 0.07806526124477386
Mean AUC Score: 0.5377777777777778, Std rec Score: 0.24432288110256195

#################


Fewshot 0.01
2 step
Mean Accuracy: 0.7684210526315789, Std Accuracy: 0.04707512632012367
Mean F1 Score: 0.763649783420082, Std F1 Score: 0.062557153403759
Mean prec Score: 0.784561403508772, Std prec Score: 0.10848923027515411
Mean rec Score: 0.7684210526315789, Std rec Score: 0.04707512632012367
Mean AUC Score: 0.40608660130718954, Std rec Score: 0.2711371183395386

1.25 step
Mean Accuracy: 0.7789473684210526, Std Accuracy: 0.10123886913061142
Mean F1 Score: 0.756519070662684, Std F1 Score: 0.09936009347438812
Mean prec Score: 0.7441878690534385, Std prec Score: 0.12328284978866577
Mean rec Score: 0.7789473684210527, Std rec Score: 0.10123886913061142
Mean AUC Score: 0.4209558823529411, Std rec Score: 0.1713990420103073

1.1 step
Mean Accuracy: 0.7789473684210526, Std Accuracy: 0.10123886913061142
Mean F1 Score: 0.7447624062744407, Std F1 Score: 0.09187909215688705
Mean prec Score: 0.7216198390713626, Std prec Score: 0.11556869000196457
Mean rec Score: 0.7789473684210527, Std rec Score: 0.10123886913061142
Mean AUC Score: 0.48137254901960774, Std rec Score: 0.26567065715789795

1.01 step average
Mean Accuracy: 0.5052631578947369, Std Accuracy: 0.2724669277667999
Mean F1 Score: 0.5013935563421231, Std F1 Score: 0.26559683680534363
Mean prec Score: 0.6913994545186496, Std prec Score: 0.19121548533439636
Mean rec Score: 0.5052631578947369, Std rec Score: 0.2724669277667999
Mean AUC Score: 0.4593137254901961, Std rec Score: 0.0959169864654541

1.01 step
Mean Accuracy: 0.7789473684210526, Std Accuracy: 0.10123886913061142
Mean F1 Score: 0.7447624062744407, Std F1 Score: 0.09187909215688705
Mean prec Score: 0.7216198390713626, Std prec Score: 0.11556869000196457
Mean rec Score: 0.7789473684210527, Std rec Score: 0.10123886913061142
Mean AUC Score: 0.48137254901960774, Std rec Score: 0.26567065715789795


1.1 step lexsort auc acc
Mean Accuracy: 0.7789473684210526, Std Accuracy: 0.10123886913061142
Mean F1 Score: 0.7447624062744407, Std F1 Score: 0.09187909215688705
Mean prec Score: 0.7216198390713626, Std prec Score: 0.11556869000196457
Mean rec Score: 0.7789473684210527, Std rec Score: 0.10123886913061142
Mean AUC Score: 0.43702614379084964, Std rec Score: 0.23547707498073578

1.1 step argsort acc

Fewshot 0.1
1.5 step
Mean Accuracy: 0.7157894736842105, Std Accuracy: 0.13724637031555176
Mean F1 Score: 0.7114825319159686, Std F1 Score: 0.1205315887928009
Mean prec Score: 0.7189754395840431, Std prec Score: 0.11983644962310791
Mean rec Score: 0.7157894736842104, Std rec Score: 0.13724637031555176
Mean AUC Score: 0.47459967320261437, Std rec Score: 0.23199595510959625

1.1 step average
Mean Accuracy: 0.7894736842105263, Std Accuracy: 0.05263158679008484
Mean F1 Score: 0.7530349939018669, Std F1 Score: 0.08457675576210022
Mean prec Score: 0.7235529484185179, Std prec Score: 0.11869988590478897
Mean rec Score: 0.7894736842105263, Std rec Score: 0.05263158679008484
Mean AUC Score: 0.49490196078431375, Std rec Score: 0.2806520462036133

1.1 step
Mean Accuracy: 0.7473684210526316, Std Accuracy: 0.15524084866046906
Mean F1 Score: 0.7357705246250138, Std F1 Score: 0.13530273735523224
Mean prec Score: 0.7389899689414925, Std prec Score: 0.13594163954257965
Mean rec Score: 0.7473684210526315, Std rec Score: 0.15524084866046906
Mean AUC Score: 0.5975163398692811, Std rec Score: 0.20630434155464172

1.1 step load data hcpya
Mean Accuracy: 0.7052631578947368, Std Accuracy: 0.17296501994132996
Mean F1 Score: 0.6921354522670312, Std F1 Score: 0.10254378616809845
Mean prec Score: 0.7128636865641916, Std prec Score: 0.10629799216985703
Mean rec Score: 0.7052631578947368, Std rec Score: 0.17296501994132996
Mean AUC Score: 0.5461111111111111, Std rec Score: 0.19645389914512634

1.1 step lexsort auc acc
Mean Accuracy: 0.7789473684210526, Std Accuracy: 0.18002769351005554
Mean F1 Score: 0.7529406359127722, Std F1 Score: 0.15517589449882507
Mean prec Score: 0.7408597750356753, Std prec Score: 0.1385456621646881
Mean rec Score: 0.7789473684210526, Std rec Score: 0.18002769351005554
Mean AUC Score: 0.46767973856209155, Std rec Score: 0.20984993875026703


1.01 step average
Mean Accuracy: 0.7894736842105263, Std Accuracy: 0.05263158679008484
Mean F1 Score: 0.7530349939018669, Std F1 Score: 0.08457675576210022
Mean prec Score: 0.7235529484185179, Std prec Score: 0.11869988590478897
Mean rec Score: 0.7894736842105263, Std rec Score: 0.05263158679008484
Mean AUC Score: 0.49490196078431375, Std rec Score: 0.2806520462036133

1.01 step
Mean Accuracy: 0.6947368421052632, Std Accuracy: 0.15963949263095856
Mean F1 Score: 0.6943294888805724, Std F1 Score: 0.10588205605745316
Mean prec Score: 0.7181566356081592, Std prec Score: 0.11247074604034424
Mean rec Score: 0.6947368421052632, Std rec Score: 0.15963949263095856
Mean AUC Score: 0.5030718954248365, Std rec Score: 0.2730475068092346

Fewshot 0.3
1.1 step lexsort load hcpya
Mean Accuracy: 0.7157894736842105, Std Accuracy: 0.060009248554706573
Mean F1 Score: 0.720646190255698, Std F1 Score: 0.07905510812997818
Mean prec Score: 0.7286996904024768, Std prec Score: 0.11152751743793488
Mean rec Score: 0.7157894736842104, Std rec Score: 0.060009248554706573
Mean AUC Score: 0.45486111111111105, Std rec Score: 0.3178151547908783

7-dataset

Fewshot 0.01

1.1 step lexsort
Mean Accuracy: 0.8315789473684211, Std Accuracy: 0.044034719467163086
Mean F1 Score: 0.7751791242812914, Std F1 Score: 0.08442490547895432
Mean prec Score: 0.7291474299784549, Std prec Score: 0.11685431748628616
Mean rec Score: 0.8315789473684211, Std rec Score: 0.044034719467163086
Mean AUC Score: 0.494656862745098, Std rec Score: 0.2823074162006378

1.1 step argsort
Mean Accuracy: 0.5894736842105263, Std Accuracy: 0.12565617263317108
Mean F1 Score: 0.6412010801322029, Std F1 Score: 0.11953849345445633
Mean prec Score: 0.7971261194945406, Std prec Score: 0.10765334963798523
Mean rec Score: 0.5894736842105263, Std rec Score: 0.12565617263317108
Mean AUC Score: 0.513218954248366, Std rec Score: 0.24480758607387543

1.01 step 
Mean Accuracy: 0.8315789473684211, Std Accuracy: 0.044034719467163086
Mean F1 Score: 0.7751791242812914, Std F1 Score: 0.08442490547895432
Mean prec Score: 0.7291474299784549, Std prec Score: 0.11685431748628616
Mean rec Score: 0.8315789473684211, Std rec Score: 0.044034719467163086
Mean AUC Score: 0.4904901960784313, Std rec Score: 0.2888215184211731

1.1 step argsort auc + f1
Mean Accuracy: 0.5789473684210525, Std Accuracy: 0.10526314377784729
Mean F1 Score: 0.6388514886384118, Std F1 Score: 0.10622972249984741
Mean prec Score: 0.7895135566188198, Std prec Score: 0.1246955394744873
Mean rec Score: 0.5789473684210525, Std rec Score: 0.10526314377784729
Mean AUC Score: 0.6159068627450981, Std rec Score: 0.324550062417984

Fewshot 0.1
1.1 step argsort
Mean Accuracy: 0.5894736842105263, Std Accuracy: 0.044034719467163086
Mean F1 Score: 0.6425762618233785, Std F1 Score: 0.05733240768313408
Mean prec Score: 0.728760362444573, Std prec Score: 0.11534123867750168
Mean rec Score: 0.5894736842105264, Std rec Score: 0.044034719467163086
Mean AUC Score: 0.4790277777777778, Std rec Score: 0.12459463626146317

1.1 step lexsort
Mean Accuracy: 0.8, Std Accuracy: 0.05765499919652939
Mean F1 Score: 0.771957969790787, Std F1 Score: 0.07988293468952179
Mean prec Score: 0.7648045552477686, Std prec Score: 0.13753783702850342
Mean rec Score: 0.8, Std rec Score: 0.05765499919652939
Mean AUC Score: 0.45807189542483656, Std rec Score: 0.26058539748191833

1.1 step lexsort load abide
Mean Accuracy: 0.8210526315789475, Std Accuracy: 0.10259783267974854
Mean F1 Score: 0.7695737920583122, Std F1 Score: 0.11324980854988098
Mean prec Score: 0.7253598392265493, Std prec Score: 0.12355770915746689
Mean rec Score: 0.8210526315789475, Std rec Score: 0.10259783267974854
Mean AUC Score: 0.5196078431372549, Std rec Score: 0.2829516530036926


Fewshot 0.3
1.1 step lexsort
Mean Accuracy: 0.8, Std Accuracy: 0.1141025498509407
Mean F1 Score: 0.7808652312599681, Std F1 Score: 0.12920241057872772
Mean prec Score: 0.7697420020639836, Std prec Score: 0.15556833148002625
Mean rec Score: 0.8, Std rec Score: 0.1141025498509407
Mean AUC Score: 0.39641339869281045, Std rec Score: 0.2500867545604706

1.1 step lexsort load abide
Mean Accuracy: 0.7578947368421052, Std Accuracy: 0.09561002254486084
Mean F1 Score: 0.7448579898080547, Std F1 Score: 0.09110231697559357
Mean prec Score: 0.7424752541829289, Std prec Score: 0.12724554538726807
Mean rec Score: 0.7578947368421053, Std rec Score: 0.09561002254486084
Mean AUC Score: 0.48235294117647054, Std rec Score: 0.14016906917095184

