fewshot 0

Kmeans cond 0
Mean Accuracy: 0.42105263157894735, Std Accuracy: 0.1289205104112625
Mean F1 Score: 0.46324708091298483, Std F1 Score: 0.12983836233615875
Mean prec Score: 0.872017061885483, Std prec Score: 0.06482383608818054
Mean rec Score: 0.42105263157894735, Std rec Score: 0.1289205104112625
Mean AUC Score: 0.6474509803921569, Std rec Score: 0.19110052287578583

fewshot 0.01

argsort f1
Mean Accuracy: 0.4947368421052632, Std Accuracy: 0.15613049268722534
Mean F1 Score: 0.5334110778618788, Std F1 Score: 0.1835673302412033
Mean prec Score: 0.8577313475997685, Std prec Score: 0.04896073415875435
Mean rec Score: 0.4947368421052631, Std rec Score: 0.15613049268722534
Mean AUC Score: 0.5363398692810457, Std rec Score: 0.30481159687042236

argsort f1 + auc
Mean Accuracy: 0.4947368421052632, Std Accuracy: 0.15613049268722534
Mean F1 Score: 0.5334110778618788, Std F1 Score: 0.1835673302412033
Mean prec Score: 0.8577313475997685, Std prec Score: 0.04896073415875435
Mean rec Score: 0.4947368421052631, Std rec Score: 0.15613049268722534
Mean AUC Score: 0.5363398692810457, Std rec Score: 0.30481159687042236

fewshot 0.1

argsort f1 + auc
Mean Accuracy: 0.42105263157894735, Std Accuracy: 0.1289205104112625
Mean F1 Score: 0.46324708091298483, Std F1 Score: 0.12983836233615875
Mean prec Score: 0.872017061885483, Std prec Score: 0.06482383608818054
Mean rec Score: 0.42105263157894735, Std rec Score: 0.1289205104112625
Mean AUC Score: 0.6474509803921569, Std rec Score: 0.19110052287578583

######################

fewshot 0.01

lexsort auc f1 acc
Mean Accuracy: 0.631578947368421, Std Accuracy: 0.05263158679008484
Mean F1 Score: 0.6709244264507422, Std F1 Score: 0.06827746331691742
Mean prec Score: 0.7361287834972046, Std prec Score: 0.11229413002729416
Mean rec Score: 0.631578947368421, Std rec Score: 0.05263158679008484
Mean AUC Score: 0.44609477124183006, Std rec Score: 0.2682918906211853

argsort auc + f1 + acc
Mean Accuracy: 0.631578947368421, Std Accuracy: 0.05263158679008484
Mean F1 Score: 0.6709244264507422, Std F1 Score: 0.06827746331691742
Mean prec Score: 0.7361287834972046, Std prec Score: 0.11229413002729416
Mean rec Score: 0.631578947368421, Std rec Score: 0.05263158679008484
Mean AUC Score: 0.44609477124183006, Std rec Score: 0.2682918906211853

argsort f1
Mean Accuracy: 0.631578947368421, Std Accuracy: 0.05263158679008484
Mean F1 Score: 0.6709244264507422, Std F1 Score: 0.06827746331691742
Mean prec Score: 0.7361287834972046, Std prec Score: 0.11229413002729416
Mean rec Score: 0.631578947368421, Std rec Score: 0.05263158679008484
Mean AUC Score: 0.44609477124183006, Std rec Score: 0.2682918906211853

argsort f1, inpt corr mat
Mean Accuracy: 0.4526315789473684, Std Accuracy: 0.07061268389225006
Mean F1 Score: 0.5224547656767337, Std F1 Score: 0.04948217794299126
Mean prec Score: 0.7868410828937143, Std prec Score: 0.13447947800159454
Mean rec Score: 0.4526315789473684, Std rec Score: 0.07061268389225006
Mean AUC Score: 0.5028104575163399, Std rec Score: 0.13206610083580017

fewshot 0.1

lexsort auc f1 acc
Mean Accuracy: 0.6, Std Accuracy: 0.10913916677236557
Mean F1 Score: 0.6386742357566156, Std F1 Score: 0.10513875633478165
Mean prec Score: 0.7668980142664352, Std prec Score: 0.13767977058887482
Mean rec Score: 0.6, Std rec Score: 0.10913916677236557
Mean AUC Score: 0.47550653594771236, Std rec Score: 0.3225807249546051

argsort auc + f1 + acc
Mean Accuracy: 0.5473684210526316, Std Accuracy: 0.1469920128583908
Mean F1 Score: 0.5905192328647706, Std F1 Score: 0.1393151581287384
Mean prec Score: 0.7202313475997686, Std prec Score: 0.1680302768945694
Mean rec Score: 0.5473684210526316, Std rec Score: 0.1469920128583908
Mean AUC Score: 0.4321732026143791, Std rec Score: 0.3218253254890442

argsort f1
Mean Accuracy: 0.5473684210526316, Std Accuracy: 0.1469920128583908
Mean F1 Score: 0.5905192328647706, Std F1 Score: 0.1393151581287384
Mean prec Score: 0.7202313475997686, Std prec Score: 0.1680302768945694
Mean rec Score: 0.5473684210526316, Std rec Score: 0.1469920128583908
Mean AUC Score: 0.4321732026143791, Std rec Score: 0.3218253254890442

argsort accs
Mean Accuracy: 0.5473684210526316, Std Accuracy: 0.1469920128583908
Mean F1 Score: 0.5905192328647706, Std F1 Score: 0.1393151581287384
Mean prec Score: 0.7202313475997686, Std prec Score: 0.1680302768945694
Mean rec Score: 0.5473684210526316, Std rec Score: 0.1469920128583908
Mean AUC Score: 0.4321732026143791, Std rec Score: 0.3218253254890442


argsort f1, inpt corr mat
Mean Accuracy: 0.5473684210526316, Std Accuracy: 0.07061266154050827
Mean F1 Score: 0.614472222740474, Std F1 Score: 0.08716430515050888
Mean prec Score: 0.7374665685192001, Std prec Score: 0.10729954391717911
Mean rec Score: 0.5473684210526316, Std rec Score: 0.07061266154050827
Mean AUC Score: 0.4287091503267974, Std rec Score: 0.13696801662445068