
fewshot 0

Kmeans cond 0
Mean Accuracy: 0.5478948502477914, Std Accuracy: 0.22741928696632385
Mean F1 Score: 0.5620861164978812, Std F1 Score: 0.2670273184776306
Mean prec Score: 0.7449825827767004, Std prec Score: 0.18476080894470215
Mean rec Score: 0.5478948502477914, Std rec Score: 0.22741928696632385
Mean AUC Score: 0.4788095238095239, Std rec Score: 0.30009493231773376

fewshot 0.01

argsort f1 + auc
Mean Accuracy: 0.4084076707606119, Std Accuracy: 0.2100011557340622
Mean F1 Score: 0.4267963082668965, Std F1 Score: 0.21133612096309662
Mean prec Score: 0.7838714716655893, Std prec Score: 0.2141774594783783
Mean rec Score: 0.4084076707606119, Std rec Score: 0.2100011557340622
Mean AUC Score: 0.574047619047619, Std rec Score: 0.26700711250305176

fewshot 0.1

argsort f1 + auc
Mean Accuracy: 0.5378194354664944, Std Accuracy: 0.2297804206609726
Mean F1 Score: 0.5589015159413642, Std F1 Score: 0.1898084282875061
Mean prec Score: 0.7588714716655893, Std prec Score: 0.20475052297115326
Mean rec Score: 0.5378194354664942, Std rec Score: 0.2297804206609726
Mean AUC Score: 0.5673809523809524, Std rec Score: 0.2645210027694702