2-dataset

fewshot 0 pthres 0.05
Mean Accuracy: 0.49221397296782793, Std Accuracy: 0.031759608536958694
Mean F1 Score: 0.3969930168494253, Std F1 Score: 0.05559896305203438
Mean prec Score: 0.47923786204947544, Std prec Score: 0.08264880627393723
Mean rec Score: 0.49221397296782793, Std rec Score: 0.031759608536958694
Mean AUC Score: 0.5150188608281223, Std rec Score: 0.11492500454187393

fewshot 0 pthres 0.005
Mean Accuracy: 0.49994288977727014, Std Accuracy: 0.053657166659832
Mean F1 Score: 0.3379420241061234, Std F1 Score: 0.06529524177312851
Mean prec Score: 0.2960762234029614, Std prec Score: 0.14034612476825714
Mean rec Score: 0.49994288977727014, Std rec Score: 0.053657166659832
Mean AUC Score: 0.5150188608281223, Std rec Score: 0.11492500454187393

fewshot 0 pthres 0.05 cond 1
Mean Accuracy: 0.5077860270321721, Std Accuracy: 0.0317595973610878
Mean F1 Score: 0.4162093202701572, Std F1 Score: 0.021647309884428978
Mean prec Score: 0.5366003641545405, Std prec Score: 0.09265083074569702
Mean rec Score: 0.5077860270321721, Std rec Score: 0.0317595973610878
Mean AUC Score: 0.4849811391718776, Std rec Score: 0.11492500454187393

fewshot 0.01 argsort auc + f1
Mean Accuracy: 0.5154197601370646, Std Accuracy: 0.04317303001880646
Mean F1 Score: 0.4490958959677558, Std F1 Score: 0.05964649096131325
Mean prec Score: 0.45577582023139823, Std prec Score: 0.09781985729932785
Mean rec Score: 0.5154197601370646, Std rec Score: 0.04317303001880646
Mean AUC Score: 0.4999812872204501, Std rec Score: 0.02990914136171341

fewshot 0.1 argsort auc + f1
Mean Accuracy: 0.5099181420140873, Std Accuracy: 0.08311698585748672
Mean F1 Score: 0.5014352806921308, Std F1 Score: 0.08226462453603745
Mean prec Score: 0.5128820319673822, Std prec Score: 0.08053683489561081
Mean rec Score: 0.5099181420140873, Std rec Score: 0.08311698585748672
Mean AUC Score: 0.504024623935492, Std rec Score: 0.08565549552440643

fewshot 0.5 argsort auc + f1
Mean Accuracy: 0.5370454978107748, Std Accuracy: 0.02971244417130947
Mean F1 Score: 0.5335747702944451, Std F1 Score: 0.031148996204137802
Mean prec Score: 0.5482225413299038, Std prec Score: 0.032876722514629364
Mean rec Score: 0.5370454978107748, Std rec Score: 0.02971244417130947
Mean AUC Score: 0.5223695252774585, Std rec Score: 0.04494111612439155

fewshot 1 argsort auc + f1
Mean Accuracy: 0.4863506567675614, Std Accuracy: 0.027586670592427254
Mean F1 Score: 0.4830860682432313, Std F1 Score: 0.03050481155514717
Mean prec Score: 0.49022173255515594, Std prec Score: 0.03028196655213833
Mean rec Score: 0.4863506567675614, Std rec Score: 0.027586670592427254
Mean AUC Score: 0.48380050818278103, Std rec Score: 0.052910663187503815

##################
